Performing C SOURCE FILE Test CMAKE_HAVE_LIBC_PTHREAD failed with the following output:
Change Dir: /home/kerlu/workspace/proto_linux/lib/libortp/CMakeFiles/CMakeTmp

Run Build Command(s):/usr/bin/gmake cmTC_5b684/fast && /usr/bin/gmake -f CMakeFiles/cmTC_5b684.dir/build.make CMakeFiles/cmTC_5b684.dir/build
gmake[1]: Entering directory '/home/kerlu/workspace/proto_linux/lib/libortp/CMakeFiles/CMakeTmp'
Building C object CMakeFiles/cmTC_5b684.dir/src.c.o
/usr/bin/cc   -DCMAKE_HAVE_LIBC_PTHREAD   -o CMakeFiles/cmTC_5b684.dir/src.c.o   -c /home/kerlu/workspace/proto_linux/lib/libortp/CMakeFiles/CMakeTmp/src.c
Linking C executable cmTC_5b684
/usr/bin/cmake -E cmake_link_script CMakeFiles/cmTC_5b684.dir/link.txt --verbose=1
/usr/bin/cc  -DCMAKE_HAVE_LIBC_PTHREAD    -rdynamic CMakeFiles/cmTC_5b684.dir/src.c.o  -o cmTC_5b684 
/usr/bin/ld: CMakeFiles/cmTC_5b684.dir/src.c.o: in function `main':
src.c:(.text+0x46): undefined reference to `pthread_create'
/usr/bin/ld: src.c:(.text+0x52): undefined reference to `pthread_detach'
/usr/bin/ld: src.c:(.text+0x63): undefined reference to `pthread_join'
collect2: error: ld returned 1 exit status
gmake[1]: *** [CMakeFiles/cmTC_5b684.dir/build.make:87: cmTC_5b684] Error 1
gmake[1]: Leaving directory '/home/kerlu/workspace/proto_linux/lib/libortp/CMakeFiles/CMakeTmp'
gmake: *** [Makefile:121: cmTC_5b684/fast] Error 2


Source file was:
#include <pthread.h>

void* test_func(void* data)
{
  return data;
}

int main(void)
{
  pthread_t thread;
  pthread_create(&thread, NULL, test_func, NULL);
  pthread_detach(thread);
  pthread_join(thread, NULL);
  pthread_atfork(NULL, NULL, NULL);
  pthread_exit(NULL);

  return 0;
}

Determining if the function pthread_create exists in the pthreads failed with the following output:
Change Dir: /home/kerlu/workspace/proto_linux/lib/libortp/CMakeFiles/CMakeTmp

Run Build Command(s):/usr/bin/gmake cmTC_2dda8/fast && /usr/bin/gmake -f CMakeFiles/cmTC_2dda8.dir/build.make CMakeFiles/cmTC_2dda8.dir/build
gmake[1]: Entering directory '/home/kerlu/workspace/proto_linux/lib/libortp/CMakeFiles/CMakeTmp'
Building C object CMakeFiles/cmTC_2dda8.dir/CheckFunctionExists.c.o
/usr/bin/cc   -DCHECK_FUNCTION_EXISTS=pthread_create   -o CMakeFiles/cmTC_2dda8.dir/CheckFunctionExists.c.o   -c /usr/share/cmake-3.16/Modules/CheckFunctionExists.c
Linking C executable cmTC_2dda8
/usr/bin/cmake -E cmake_link_script CMakeFiles/cmTC_2dda8.dir/link.txt --verbose=1
/usr/bin/cc  -DCHECK_FUNCTION_EXISTS=pthread_create    -rdynamic CMakeFiles/cmTC_2dda8.dir/CheckFunctionExists.c.o  -o cmTC_2dda8  -lpthreads 
/usr/bin/ld: cannot find -lpthreads
collect2: error: ld returned 1 exit status
gmake[1]: *** [CMakeFiles/cmTC_2dda8.dir/build.make:87: cmTC_2dda8] Error 1
gmake[1]: Leaving directory '/home/kerlu/workspace/proto_linux/lib/libortp/CMakeFiles/CMakeTmp'
gmake: *** [Makefile:121: cmTC_2dda8/fast] Error 2



Determining if the include file sys/audio.h exists failed with the following output:
Change Dir: /home/kerlu/workspace/proto_linux/lib/libortp/CMakeFiles/CMakeTmp

Run Build Command(s):/usr/bin/gmake cmTC_f29e1/fast && /usr/bin/gmake -f CMakeFiles/cmTC_f29e1.dir/build.make CMakeFiles/cmTC_f29e1.dir/build
gmake[1]: Entering directory '/home/kerlu/workspace/proto_linux/lib/libortp/CMakeFiles/CMakeTmp'
Building C object CMakeFiles/cmTC_f29e1.dir/CheckIncludeFile.c.o
/usr/bin/cc    -o CMakeFiles/cmTC_f29e1.dir/CheckIncludeFile.c.o   -c /home/kerlu/workspace/proto_linux/lib/libortp/CMakeFiles/CMakeTmp/CheckIncludeFile.c
/home/kerlu/workspace/proto_linux/lib/libortp/CMakeFiles/CMakeTmp/CheckIncludeFile.c:1:10: fatal error: sys/audio.h: No such file or directory
    1 | #include <sys/audio.h>
      |          ^~~~~~~~~~~~~
compilation terminated.
gmake[1]: *** [CMakeFiles/cmTC_f29e1.dir/build.make:66: CMakeFiles/cmTC_f29e1.dir/CheckIncludeFile.c.o] Error 1
gmake[1]: Leaving directory '/home/kerlu/workspace/proto_linux/lib/libortp/CMakeFiles/CMakeTmp'
gmake: *** [Makefile:121: cmTC_f29e1/fast] Error 2



Determining if the function arc4random exists failed with the following output:
Change Dir: /home/kerlu/workspace/proto_linux/lib/libortp/CMakeFiles/CMakeTmp

Run Build Command(s):/usr/bin/gmake cmTC_fe0c2/fast && /usr/bin/gmake -f CMakeFiles/cmTC_fe0c2.dir/build.make CMakeFiles/cmTC_fe0c2.dir/build
gmake[1]: Entering directory '/home/kerlu/workspace/proto_linux/lib/libortp/CMakeFiles/CMakeTmp'
Building C object CMakeFiles/cmTC_fe0c2.dir/CheckFunctionExists.c.o
/usr/bin/cc   -DCHECK_FUNCTION_EXISTS=arc4random   -o CMakeFiles/cmTC_fe0c2.dir/CheckFunctionExists.c.o   -c /usr/share/cmake-3.16/Modules/CheckFunctionExists.c
Linking C executable cmTC_fe0c2
/usr/bin/cmake -E cmake_link_script CMakeFiles/cmTC_fe0c2.dir/link.txt --verbose=1
/usr/bin/cc  -DCHECK_FUNCTION_EXISTS=arc4random    -rdynamic CMakeFiles/cmTC_fe0c2.dir/CheckFunctionExists.c.o  -o cmTC_fe0c2 
/usr/bin/ld: CMakeFiles/cmTC_fe0c2.dir/CheckFunctionExists.c.o: in function `main':
CheckFunctionExists.c:(.text+0x14): undefined reference to `arc4random'
collect2: error: ld returned 1 exit status
gmake[1]: *** [CMakeFiles/cmTC_fe0c2.dir/build.make:87: cmTC_fe0c2] Error 1
gmake[1]: Leaving directory '/home/kerlu/workspace/proto_linux/lib/libortp/CMakeFiles/CMakeTmp'
gmake: *** [Makefile:121: cmTC_fe0c2/fast] Error 2



